<?xml version="1.0" encoding="UTF-8"?>
<Site BuildName="(empty)"
	BuildStamp="20241120-1532-Experimental"
	Name="saleheen-ROG-Linux"
	Generator="ctest-3.22.1"
	CompilerName="/usr/bin/clang++"
	CompilerVersion="14.0.0"
	OSName="Linux"
	Hostname="saleheen-ROG-Linux"
	OSRelease="6.8.0-48-generic"
	OSVersion="#48~22.04.1-Ubuntu SMP PREEMPT_DYNAMIC Mon Oct  7 11:24:13 UTC 2"
	OSPlatform="x86_64"
	Is64Bits="1"
	VendorString="AuthenticAMD"
	VendorID="Advanced Micro Devices"
	FamilyID="25"
	ModelID="80"
	ProcessorCacheSize="512"
	NumberOfLogicalCPU="16"
	NumberOfPhysicalCPU="8"
	TotalVirtualMemory="0"
	TotalPhysicalMemory="31508"
	LogicalProcessorsPerPhysical="2"
	ProcessorClockFrequency="4167.22"
	>
	<Testing>
		<StartDateTime>Nov 20 16:32 CET</StartDateTime>
		<StartTestTime>1732116729</StartTestTime>
		<TestList/>
		<EndDateTime>Nov 20 16:32 CET</EndDateTime>
		<EndTestTime>1732116729</EndTestTime>
		<ElapsedMinutes>0</ElapsedMinutes>
	</Testing>
</Site>
